android/build/intermediates/manifest_merge_blame_file/release/manifest-merger-blame-release-report.txt
1<?xml version="1.0" encoding="utf-8"?>
2<manifest xmlns:android="http://schemas.android.com/apk/res/android"
3    package="com.pinmi.react.printer" >
4
5    <uses-sdk
6        android:minSdkVersion="16"
6-->src/main/AndroidManifest.xml
7        android:targetSdkVersion="30" />
7-->src/main/AndroidManifest.xml
8
9    <uses-permission android:name="android.permission.INTERNET" />
9-->src/main/AndroidManifest.xml:4:5-67
9-->src/main/AndroidManifest.xml:4:22-64
10    <uses-permission android:name="android.permission.BLUETOOTH" />
10-->src/main/AndroidManifest.xml:5:5-68
10-->src/main/AndroidManifest.xml:5:22-65
11    <uses-permission android:name="android.permission.BLUETOOTH_ADMIN" />
11-->src/main/AndroidManifest.xml:6:5-74
11-->src/main/AndroidManifest.xml:6:22-71
12    <uses-permission android:name="android.hardware.usb.UsbAccessory" />
12-->src/main/AndroidManifest.xml:7:5-73
12-->src/main/AndroidManifest.xml:7:22-70
13    <uses-permission android:name="android.permission.ACCESS_WIFI_STATE" />
13-->src/main/AndroidManifest.xml:8:5-76
13-->src/main/AndroidManifest.xml:8:22-73
14
15</manifest>